2021-05-29T00:00:20+00:00 CRITICAL Uncaught Error: Unknown named parameter $tasks_meta_id in C:\xampp\htdocs\woocommerce\wordpress\wp-includes\class-wp-hook.php:292
Stack trace:
#0 C:\xampp\htdocs\woocommerce\wordpress\wp-includes\class-wp-hook.php(316): WP_Hook->apply_filters('', Array)
#1 C:\xampp\htdocs\woocommerce\wordpress\wp-includes\plugin.php(551): WP_Hook->do_action(Array)
#2 C:\xampp\htdocs\woocommerce\wordpress\wp-content\plugins\woocommerce\packages\action-scheduler\classes\actions\ActionScheduler_Action.php(22): do_action_ref_array('wpforms_process...', Array)
#3 C:\xampp\htdocs\woocommerce\wordpress\wp-content\plugins\woocommerce\packages\action-scheduler\classes\abstracts\ActionScheduler_Abstract_QueueRunner.php(65): ActionScheduler_Action->execute()
#4 C:\xampp\htdocs\woocommerce\wordpress\wp-content\plugins\woocommerce\packages\action-scheduler\classes\ActionScheduler_QueueRunner.php(162): ActionScheduler_Abstract_QueueRunner->process_action(199, 'WP Cron')
#5 C:\xampp\htdocs\woocommerce\wordpress\wp-content\plugins\woocommerce\packages\action-scheduler\classes\ActionScheduler_QueueRunner.php(132): ActionScheduler_QueueRunner->do_batch(25, 'WP Cron')
#6 C:\xampp\htdocs\woocommerce\wordpress\wp-includes\class-wp-hook.php(292): ActionScheduler_QueueRunner->run('WP Cron')
#7 C:\xampp\htdocs\woocommerce\wordpress\wp-includes\class-wp-hook.php(316): WP_Hook->apply_filters('', Array)
#8 C:\xampp\htdocs\woocommerce\wordpress\wp-includes\plugin.php(551): WP_Hook->do_action(Array)
#9 C:\xampp\htdocs\woocommerce\wordpress\wp-cron.php(138): do_action_ref_array('action_schedule...', Array)
#10 {main}
  thrown in C:\xampp\htdocs\woocommerce\wordpress\wp-includes\class-wp-hook.php on line 292

2021-05-29T06:55:07+00:00 CRITICAL Maximum execution time of 120 seconds exceeded in C:\xampp\htdocs\woocommerce\wordpress\wp-includes\widgets\class-wp-widget-media-image.php on line 377

2021-05-29T06:57:03+00:00 CRITICAL Maximum execution time of 120 seconds exceeded in C:\xampp\htdocs\woocommerce\wordpress\wp-includes\functions.php on line 6111

2021-05-29T06:57:19+00:00 CRITICAL Maximum execution time of 120 seconds exceeded in C:\xampp\htdocs\woocommerce\wordpress\wp-content\plugins\woocommerce\packages\woocommerce-blocks\src\BlockTypes\ProductCategories.php on line 369

2021-05-29T07:00:55+00:00 CRITICAL Maximum execution time of 120 seconds exceeded in C:\xampp\htdocs\woocommerce\wordpress\wp-includes\wp-db.php on line 2056

2021-05-29T07:02:00+00:00 CRITICAL Maximum execution time of 120 seconds exceeded in C:\xampp\htdocs\woocommerce\wordpress\wp-content\plugins\woocommerce\packages\woocommerce-admin\src\Notes\GoogleAdsAndMarketing.php on line 12

2021-05-29T08:56:42+00:00 CRITICAL Maximum execution time of 120 seconds exceeded in C:\xampp\htdocs\woocommerce\wordpress\wp-content\plugins\jetpack\modules\theme-tools\featured-content.php on line 5

2021-05-29T13:37:38+00:00 CRITICAL Uncaught Error: Unknown named parameter $tasks_meta_id in C:\xampp\htdocs\woocommerce\wordpress\wp-includes\class-wp-hook.php:292
Stack trace:
#0 C:\xampp\htdocs\woocommerce\wordpress\wp-includes\class-wp-hook.php(316): WP_Hook->apply_filters('', Array)
#1 C:\xampp\htdocs\woocommerce\wordpress\wp-includes\plugin.php(551): WP_Hook->do_action(Array)
#2 C:\xampp\htdocs\woocommerce\wordpress\wp-content\plugins\woocommerce\packages\action-scheduler\classes\actions\ActionScheduler_Action.php(22): do_action_ref_array('wpforms_admin_n...', Array)
#3 C:\xampp\htdocs\woocommerce\wordpress\wp-content\plugins\woocommerce\packages\action-scheduler\classes\abstracts\ActionScheduler_Abstract_QueueRunner.php(65): ActionScheduler_Action->execute()
#4 C:\xampp\htdocs\woocommerce\wordpress\wp-content\plugins\woocommerce\packages\action-scheduler\classes\ActionScheduler_QueueRunner.php(162): ActionScheduler_Abstract_QueueRunner->process_action(283, 'WP Cron')
#5 C:\xampp\htdocs\woocommerce\wordpress\wp-content\plugins\woocommerce\packages\action-scheduler\classes\ActionScheduler_QueueRunner.php(132): ActionScheduler_QueueRunner->do_batch(25, 'WP Cron')
#6 C:\xampp\htdocs\woocommerce\wordpress\wp-includes\class-wp-hook.php(292): ActionScheduler_QueueRunner->run('WP Cron')
#7 C:\xampp\htdocs\woocommerce\wordpress\wp-includes\class-wp-hook.php(316): WP_Hook->apply_filters('', Array)
#8 C:\xampp\htdocs\woocommerce\wordpress\wp-includes\plugin.php(551): WP_Hook->do_action(Array)
#9 C:\xampp\htdocs\woocommerce\wordpress\wp-cron.php(138): do_action_ref_array('action_schedule...', Array)
#10 {main}
  thrown in C:\xampp\htdocs\woocommerce\wordpress\wp-includes\class-wp-hook.php on line 292

2021-05-29T13:38:51+00:00 CRITICAL Uncaught Error: Unknown named parameter $tasks_meta_id in C:\xampp\htdocs\woocommerce\wordpress\wp-includes\class-wp-hook.php:292
Stack trace:
#0 C:\xampp\htdocs\woocommerce\wordpress\wp-includes\class-wp-hook.php(316): WP_Hook->apply_filters('', Array)
#1 C:\xampp\htdocs\woocommerce\wordpress\wp-includes\plugin.php(551): WP_Hook->do_action(Array)
#2 C:\xampp\htdocs\woocommerce\wordpress\wp-content\plugins\woocommerce\packages\action-scheduler\classes\actions\ActionScheduler_Action.php(22): do_action_ref_array('wpforms_admin_n...', Array)
#3 C:\xampp\htdocs\woocommerce\wordpress\wp-content\plugins\woocommerce\packages\action-scheduler\classes\abstracts\ActionScheduler_Abstract_QueueRunner.php(65): ActionScheduler_Action->execute()
#4 C:\xampp\htdocs\woocommerce\wordpress\wp-content\plugins\woocommerce\packages\action-scheduler\classes\ActionScheduler_QueueRunner.php(162): ActionScheduler_Abstract_QueueRunner->process_action(284, 'Async Request')
#5 C:\xampp\htdocs\woocommerce\wordpress\wp-content\plugins\woocommerce\packages\action-scheduler\classes\ActionScheduler_QueueRunner.php(132): ActionScheduler_QueueRunner->do_batch(25, 'Async Request')
#6 C:\xampp\htdocs\woocommerce\wordpress\wp-includes\class-wp-hook.php(292): ActionScheduler_QueueRunner->run('Async Request')
#7 C:\xampp\htdocs\woocommerce\wordpress\wp-includes\class-wp-hook.php(316): WP_Hook->apply_filters('', Array)
#8 C:\xampp\htdocs\woocommerce\wordpress\wp-includes\plugin.php(484): WP_Hook->do_action(Array)
#9 C:\xampp\htdocs\woocommerce\wordpress\wp-content\plugins\woocommerce\packages\action-scheduler\classes\ActionScheduler_AsyncRequest_QueueRunner.php(52): do_action('action_schedule...', 'Async Request')
#10 C:\xampp\htdocs\woocommerce\wordpress\wp-content\plugins\woocommerce\includes\libraries\wp-async-request.php(147): ActionScheduler_AsyncRequest_QueueRunner->handle()
#11 C:\xampp\htdocs\woocommerce\wordpress\wp-includes\class-wp-hook.php(292): WP_Async_Request->maybe_handle('')
#12 C:\xampp\htdocs\woocommerce\wordpress\wp-includes\class-wp-hook.php(316): WP_Hook->apply_filters('', Array)
#13 C:\xampp\htdocs\woocommerce\wordpress\wp-includes\plugin.php(484): WP_Hook->do_action(Array)
#14 C:\xampp\htdocs\woocommerce\wordpress\wp-admin\admin-ajax.php(187): do_action('wp_ajax_as_asyn...')
#15 {main}
  thrown in C:\xampp\htdocs\woocommerce\wordpress\wp-includes\class-wp-hook.php on line 292

2021-05-29T14:07:47+00:00 CRITICAL Uncaught Error: Unknown named parameter $tasks_meta_id in C:\xampp\htdocs\woocommerce\wordpress\wp-includes\class-wp-hook.php:292
Stack trace:
#0 C:\xampp\htdocs\woocommerce\wordpress\wp-includes\class-wp-hook.php(316): WP_Hook->apply_filters('', Array)
#1 C:\xampp\htdocs\woocommerce\wordpress\wp-includes\plugin.php(551): WP_Hook->do_action(Array)
#2 C:\xampp\htdocs\woocommerce\wordpress\wp-content\plugins\woocommerce\packages\action-scheduler\classes\actions\ActionScheduler_Action.php(22): do_action_ref_array('wpforms_admin_n...', Array)
#3 C:\xampp\htdocs\woocommerce\wordpress\wp-content\plugins\woocommerce\packages\action-scheduler\classes\abstracts\ActionScheduler_Abstract_QueueRunner.php(65): ActionScheduler_Action->execute()
#4 C:\xampp\htdocs\woocommerce\wordpress\wp-content\plugins\woocommerce\packages\action-scheduler\classes\ActionScheduler_QueueRunner.php(162): ActionScheduler_Abstract_QueueRunner->process_action(285, 'WP Cron')
#5 C:\xampp\htdocs\woocommerce\wordpress\wp-content\plugins\woocommerce\packages\action-scheduler\classes\ActionScheduler_QueueRunner.php(132): ActionScheduler_QueueRunner->do_batch(25, 'WP Cron')
#6 C:\xampp\htdocs\woocommerce\wordpress\wp-includes\class-wp-hook.php(292): ActionScheduler_QueueRunner->run('WP Cron')
#7 C:\xampp\htdocs\woocommerce\wordpress\wp-includes\class-wp-hook.php(316): WP_Hook->apply_filters('', Array)
#8 C:\xampp\htdocs\woocommerce\wordpress\wp-includes\plugin.php(551): WP_Hook->do_action(Array)
#9 C:\xampp\htdocs\woocommerce\wordpress\wp-cron.php(138): do_action_ref_array('action_schedule...', Array)
#10 {main}
  thrown in C:\xampp\htdocs\woocommerce\wordpress\wp-includes\class-wp-hook.php on line 292

2021-05-29T18:44:58+00:00 CRITICAL Uncaught Error: Unknown named parameter $tasks_meta_id in C:\xampp\htdocs\woocommerce\wordpress\wp-includes\class-wp-hook.php:292
Stack trace:
#0 C:\xampp\htdocs\woocommerce\wordpress\wp-includes\class-wp-hook.php(316): WP_Hook->apply_filters('', Array)
#1 C:\xampp\htdocs\woocommerce\wordpress\wp-includes\plugin.php(551): WP_Hook->do_action(Array)
#2 C:\xampp\htdocs\woocommerce\wordpress\wp-content\plugins\woocommerce\packages\action-scheduler\classes\actions\ActionScheduler_Action.php(22): do_action_ref_array('wpforms_email_s...', Array)
#3 C:\xampp\htdocs\woocommerce\wordpress\wp-content\plugins\woocommerce\packages\action-scheduler\classes\abstracts\ActionScheduler_Abstract_QueueRunner.php(65): ActionScheduler_Action->execute()
#4 C:\xampp\htdocs\woocommerce\wordpress\wp-content\plugins\woocommerce\packages\action-scheduler\classes\ActionScheduler_QueueRunner.php(162): ActionScheduler_Abstract_QueueRunner->process_action(183, 'WP Cron')
#5 C:\xampp\htdocs\woocommerce\wordpress\wp-content\plugins\woocommerce\packages\action-scheduler\classes\ActionScheduler_QueueRunner.php(132): ActionScheduler_QueueRunner->do_batch(25, 'WP Cron')
#6 C:\xampp\htdocs\woocommerce\wordpress\wp-includes\class-wp-hook.php(292): ActionScheduler_QueueRunner->run('WP Cron')
#7 C:\xampp\htdocs\woocommerce\wordpress\wp-includes\class-wp-hook.php(316): WP_Hook->apply_filters('', Array)
#8 C:\xampp\htdocs\woocommerce\wordpress\wp-includes\plugin.php(551): WP_Hook->do_action(Array)
#9 C:\xampp\htdocs\woocommerce\wordpress\wp-cron.php(138): do_action_ref_array('action_schedule...', Array)
#10 {main}
  thrown in C:\xampp\htdocs\woocommerce\wordpress\wp-includes\class-wp-hook.php on line 292

2021-05-29T18:45:00+00:00 CRITICAL Uncaught Error: Unknown named parameter $tasks_meta_id in C:\xampp\htdocs\woocommerce\wordpress\wp-includes\class-wp-hook.php:292
Stack trace:
#0 C:\xampp\htdocs\woocommerce\wordpress\wp-includes\class-wp-hook.php(316): WP_Hook->apply_filters('', Array)
#1 C:\xampp\htdocs\woocommerce\wordpress\wp-includes\plugin.php(551): WP_Hook->do_action(Array)
#2 C:\xampp\htdocs\woocommerce\wordpress\wp-content\plugins\woocommerce\packages\action-scheduler\classes\actions\ActionScheduler_Action.php(22): do_action_ref_array('wpforms_email_s...', Array)
#3 C:\xampp\htdocs\woocommerce\wordpress\wp-content\plugins\woocommerce\packages\action-scheduler\classes\abstracts\ActionScheduler_Abstract_QueueRunner.php(65): ActionScheduler_Action->execute()
#4 C:\xampp\htdocs\woocommerce\wordpress\wp-content\plugins\woocommerce\packages\action-scheduler\classes\ActionScheduler_QueueRunner.php(162): ActionScheduler_Abstract_QueueRunner->process_action(286, 'Async Request')
#5 C:\xampp\htdocs\woocommerce\wordpress\wp-content\plugins\woocommerce\packages\action-scheduler\classes\ActionScheduler_QueueRunner.php(132): ActionScheduler_QueueRunner->do_batch(25, 'Async Request')
#6 C:\xampp\htdocs\woocommerce\wordpress\wp-includes\class-wp-hook.php(292): ActionScheduler_QueueRunner->run('Async Request')
#7 C:\xampp\htdocs\woocommerce\wordpress\wp-includes\class-wp-hook.php(316): WP_Hook->apply_filters('', Array)
#8 C:\xampp\htdocs\woocommerce\wordpress\wp-includes\plugin.php(484): WP_Hook->do_action(Array)
#9 C:\xampp\htdocs\woocommerce\wordpress\wp-content\plugins\woocommerce\packages\action-scheduler\classes\ActionScheduler_AsyncRequest_QueueRunner.php(52): do_action('action_schedule...', 'Async Request')
#10 C:\xampp\htdocs\woocommerce\wordpress\wp-content\plugins\woocommerce\includes\libraries\wp-async-request.php(147): ActionScheduler_AsyncRequest_QueueRunner->handle()
#11 C:\xampp\htdocs\woocommerce\wordpress\wp-includes\class-wp-hook.php(292): WP_Async_Request->maybe_handle('')
#12 C:\xampp\htdocs\woocommerce\wordpress\wp-includes\class-wp-hook.php(316): WP_Hook->apply_filters('', Array)
#13 C:\xampp\htdocs\woocommerce\wordpress\wp-includes\plugin.php(484): WP_Hook->do_action(Array)
#14 C:\xampp\htdocs\woocommerce\wordpress\wp-admin\admin-ajax.php(187): do_action('wp_ajax_as_asyn...')
#15 {main}
  thrown in C:\xampp\htdocs\woocommerce\wordpress\wp-includes\class-wp-hook.php on line 292

2021-05-29T18:47:33+00:00 CRITICAL Uncaught Error: Unknown named parameter $tasks_meta_id in C:\xampp\htdocs\woocommerce\wordpress\wp-includes\class-wp-hook.php:292
Stack trace:
#0 C:\xampp\htdocs\woocommerce\wordpress\wp-includes\class-wp-hook.php(316): WP_Hook->apply_filters('', Array)
#1 C:\xampp\htdocs\woocommerce\wordpress\wp-includes\plugin.php(551): WP_Hook->do_action(Array)
#2 C:\xampp\htdocs\woocommerce\wordpress\wp-content\plugins\woocommerce\packages\action-scheduler\classes\actions\ActionScheduler_Action.php(22): do_action_ref_array('wpforms_email_s...', Array)
#3 C:\xampp\htdocs\woocommerce\wordpress\wp-content\plugins\woocommerce\packages\action-scheduler\classes\abstracts\ActionScheduler_Abstract_QueueRunner.php(65): ActionScheduler_Action->execute()
#4 C:\xampp\htdocs\woocommerce\wordpress\wp-content\plugins\woocommerce\packages\action-scheduler\classes\ActionScheduler_QueueRunner.php(162): ActionScheduler_Abstract_QueueRunner->process_action(287, 'Async Request')
#5 C:\xampp\htdocs\woocommerce\wordpress\wp-content\plugins\woocommerce\packages\action-scheduler\classes\ActionScheduler_QueueRunner.php(132): ActionScheduler_QueueRunner->do_batch(25, 'Async Request')
#6 C:\xampp\htdocs\woocommerce\wordpress\wp-includes\class-wp-hook.php(292): ActionScheduler_QueueRunner->run('Async Request')
#7 C:\xampp\htdocs\woocommerce\wordpress\wp-includes\class-wp-hook.php(316): WP_Hook->apply_filters('', Array)
#8 C:\xampp\htdocs\woocommerce\wordpress\wp-includes\plugin.php(484): WP_Hook->do_action(Array)
#9 C:\xampp\htdocs\woocommerce\wordpress\wp-content\plugins\woocommerce\packages\action-scheduler\classes\ActionScheduler_AsyncRequest_QueueRunner.php(52): do_action('action_schedule...', 'Async Request')
#10 C:\xampp\htdocs\woocommerce\wordpress\wp-content\plugins\woocommerce\includes\libraries\wp-async-request.php(147): ActionScheduler_AsyncRequest_QueueRunner->handle()
#11 C:\xampp\htdocs\woocommerce\wordpress\wp-includes\class-wp-hook.php(292): WP_Async_Request->maybe_handle('')
#12 C:\xampp\htdocs\woocommerce\wordpress\wp-includes\class-wp-hook.php(316): WP_Hook->apply_filters('', Array)
#13 C:\xampp\htdocs\woocommerce\wordpress\wp-includes\plugin.php(484): WP_Hook->do_action(Array)
#14 C:\xampp\htdocs\woocommerce\wordpress\wp-admin\admin-ajax.php(187): do_action('wp_ajax_as_asyn...')
#15 {main}
  thrown in C:\xampp\htdocs\woocommerce\wordpress\wp-includes\class-wp-hook.php on line 292

2021-05-29T18:47:51+00:00 CRITICAL Uncaught Error: Unknown named parameter $tasks_meta_id in C:\xampp\htdocs\woocommerce\wordpress\wp-includes\class-wp-hook.php:292
Stack trace:
#0 C:\xampp\htdocs\woocommerce\wordpress\wp-includes\class-wp-hook.php(316): WP_Hook->apply_filters('', Array)
#1 C:\xampp\htdocs\woocommerce\wordpress\wp-includes\plugin.php(551): WP_Hook->do_action(Array)
#2 C:\xampp\htdocs\woocommerce\wordpress\wp-content\plugins\woocommerce\packages\action-scheduler\classes\actions\ActionScheduler_Action.php(22): do_action_ref_array('wpforms_email_s...', Array)
#3 C:\xampp\htdocs\woocommerce\wordpress\wp-content\plugins\woocommerce\packages\action-scheduler\classes\abstracts\ActionScheduler_Abstract_QueueRunner.php(65): ActionScheduler_Action->execute()
#4 C:\xampp\htdocs\woocommerce\wordpress\wp-content\plugins\woocommerce\packages\action-scheduler\classes\ActionScheduler_QueueRunner.php(162): ActionScheduler_Abstract_QueueRunner->process_action(288, 'WP Cron')
#5 C:\xampp\htdocs\woocommerce\wordpress\wp-content\plugins\woocommerce\packages\action-scheduler\classes\ActionScheduler_QueueRunner.php(132): ActionScheduler_QueueRunner->do_batch(25, 'WP Cron')
#6 C:\xampp\htdocs\woocommerce\wordpress\wp-includes\class-wp-hook.php(292): ActionScheduler_QueueRunner->run('WP Cron')
#7 C:\xampp\htdocs\woocommerce\wordpress\wp-includes\class-wp-hook.php(316): WP_Hook->apply_filters('', Array)
#8 C:\xampp\htdocs\woocommerce\wordpress\wp-includes\plugin.php(551): WP_Hook->do_action(Array)
#9 C:\xampp\htdocs\woocommerce\wordpress\wp-cron.php(138): do_action_ref_array('action_schedule...', Array)
#10 {main}
  thrown in C:\xampp\htdocs\woocommerce\wordpress\wp-includes\class-wp-hook.php on line 292

2021-05-29T18:49:33+00:00 CRITICAL Uncaught Error: Unknown named parameter $tasks_meta_id in C:\xampp\htdocs\woocommerce\wordpress\wp-includes\class-wp-hook.php:292
Stack trace:
#0 C:\xampp\htdocs\woocommerce\wordpress\wp-includes\class-wp-hook.php(316): WP_Hook->apply_filters('', Array)
#1 C:\xampp\htdocs\woocommerce\wordpress\wp-includes\plugin.php(551): WP_Hook->do_action(Array)
#2 C:\xampp\htdocs\woocommerce\wordpress\wp-content\plugins\woocommerce\packages\action-scheduler\classes\actions\ActionScheduler_Action.php(22): do_action_ref_array('wpforms_email_s...', Array)
#3 C:\xampp\htdocs\woocommerce\wordpress\wp-content\plugins\woocommerce\packages\action-scheduler\classes\abstracts\ActionScheduler_Abstract_QueueRunner.php(65): ActionScheduler_Action->execute()
#4 C:\xampp\htdocs\woocommerce\wordpress\wp-content\plugins\woocommerce\packages\action-scheduler\classes\ActionScheduler_QueueRunner.php(162): ActionScheduler_Abstract_QueueRunner->process_action(289, 'WP Cron')
#5 C:\xampp\htdocs\woocommerce\wordpress\wp-content\plugins\woocommerce\packages\action-scheduler\classes\ActionScheduler_QueueRunner.php(132): ActionScheduler_QueueRunner->do_batch(25, 'WP Cron')
#6 C:\xampp\htdocs\woocommerce\wordpress\wp-includes\class-wp-hook.php(292): ActionScheduler_QueueRunner->run('WP Cron')
#7 C:\xampp\htdocs\woocommerce\wordpress\wp-includes\class-wp-hook.php(316): WP_Hook->apply_filters('', Array)
#8 C:\xampp\htdocs\woocommerce\wordpress\wp-includes\plugin.php(551): WP_Hook->do_action(Array)
#9 C:\xampp\htdocs\woocommerce\wordpress\wp-cron.php(138): do_action_ref_array('action_schedule...', Array)
#10 {main}
  thrown in C:\xampp\htdocs\woocommerce\wordpress\wp-includes\class-wp-hook.php on line 292

2021-05-29T18:49:35+00:00 CRITICAL Uncaught Error: Unknown named parameter $tasks_meta_id in C:\xampp\htdocs\woocommerce\wordpress\wp-includes\class-wp-hook.php:292
Stack trace:
#0 C:\xampp\htdocs\woocommerce\wordpress\wp-includes\class-wp-hook.php(316): WP_Hook->apply_filters('', Array)
#1 C:\xampp\htdocs\woocommerce\wordpress\wp-includes\plugin.php(551): WP_Hook->do_action(Array)
#2 C:\xampp\htdocs\woocommerce\wordpress\wp-content\plugins\woocommerce\packages\action-scheduler\classes\actions\ActionScheduler_Action.php(22): do_action_ref_array('wpforms_email_s...', Array)
#3 C:\xampp\htdocs\woocommerce\wordpress\wp-content\plugins\woocommerce\packages\action-scheduler\classes\abstracts\ActionScheduler_Abstract_QueueRunner.php(65): ActionScheduler_Action->execute()
#4 C:\xampp\htdocs\woocommerce\wordpress\wp-content\plugins\woocommerce\packages\action-scheduler\classes\ActionScheduler_QueueRunner.php(162): ActionScheduler_Abstract_QueueRunner->process_action(290, 'Async Request')
#5 C:\xampp\htdocs\woocommerce\wordpress\wp-content\plugins\woocommerce\packages\action-scheduler\classes\ActionScheduler_QueueRunner.php(132): ActionScheduler_QueueRunner->do_batch(25, 'Async Request')
#6 C:\xampp\htdocs\woocommerce\wordpress\wp-includes\class-wp-hook.php(292): ActionScheduler_QueueRunner->run('Async Request')
#7 C:\xampp\htdocs\woocommerce\wordpress\wp-includes\class-wp-hook.php(316): WP_Hook->apply_filters('', Array)
#8 C:\xampp\htdocs\woocommerce\wordpress\wp-includes\plugin.php(484): WP_Hook->do_action(Array)
#9 C:\xampp\htdocs\woocommerce\wordpress\wp-content\plugins\woocommerce\packages\action-scheduler\classes\ActionScheduler_AsyncRequest_QueueRunner.php(52): do_action('action_schedule...', 'Async Request')
#10 C:\xampp\htdocs\woocommerce\wordpress\wp-content\plugins\woocommerce\includes\libraries\wp-async-request.php(147): ActionScheduler_AsyncRequest_QueueRunner->handle()
#11 C:\xampp\htdocs\woocommerce\wordpress\wp-includes\class-wp-hook.php(292): WP_Async_Request->maybe_handle('')
#12 C:\xampp\htdocs\woocommerce\wordpress\wp-includes\class-wp-hook.php(316): WP_Hook->apply_filters('', Array)
#13 C:\xampp\htdocs\woocommerce\wordpress\wp-includes\plugin.php(484): WP_Hook->do_action(Array)
#14 C:\xampp\htdocs\woocommerce\wordpress\wp-admin\admin-ajax.php(187): do_action('wp_ajax_as_asyn...')
#15 {main}
  thrown in C:\xampp\htdocs\woocommerce\wordpress\wp-includes\class-wp-hook.php on line 292

2021-05-29T18:51:34+00:00 CRITICAL Uncaught Error: Unknown named parameter $tasks_meta_id in C:\xampp\htdocs\woocommerce\wordpress\wp-includes\class-wp-hook.php:292
Stack trace:
#0 C:\xampp\htdocs\woocommerce\wordpress\wp-includes\class-wp-hook.php(316): WP_Hook->apply_filters('', Array)
#1 C:\xampp\htdocs\woocommerce\wordpress\wp-includes\plugin.php(551): WP_Hook->do_action(Array)
#2 C:\xampp\htdocs\woocommerce\wordpress\wp-content\plugins\woocommerce\packages\action-scheduler\classes\actions\ActionScheduler_Action.php(22): do_action_ref_array('wpforms_email_s...', Array)
#3 C:\xampp\htdocs\woocommerce\wordpress\wp-content\plugins\woocommerce\packages\action-scheduler\classes\abstracts\ActionScheduler_Abstract_QueueRunner.php(65): ActionScheduler_Action->execute()
#4 C:\xampp\htdocs\woocommerce\wordpress\wp-content\plugins\woocommerce\packages\action-scheduler\classes\ActionScheduler_QueueRunner.php(162): ActionScheduler_Abstract_QueueRunner->process_action(291, 'WP Cron')
#5 C:\xampp\htdocs\woocommerce\wordpress\wp-content\plugins\woocommerce\packages\action-scheduler\classes\ActionScheduler_QueueRunner.php(132): ActionScheduler_QueueRunner->do_batch(25, 'WP Cron')
#6 C:\xampp\htdocs\woocommerce\wordpress\wp-includes\class-wp-hook.php(292): ActionScheduler_QueueRunner->run('WP Cron')
#7 C:\xampp\htdocs\woocommerce\wordpress\wp-includes\class-wp-hook.php(316): WP_Hook->apply_filters('', Array)
#8 C:\xampp\htdocs\woocommerce\wordpress\wp-includes\plugin.php(551): WP_Hook->do_action(Array)
#9 C:\xampp\htdocs\woocommerce\wordpress\wp-cron.php(138): do_action_ref_array('action_schedule...', Array)
#10 {main}
  thrown in C:\xampp\htdocs\woocommerce\wordpress\wp-includes\class-wp-hook.php on line 292

2021-05-29T18:53:35+00:00 CRITICAL Uncaught Error: Unknown named parameter $tasks_meta_id in C:\xampp\htdocs\woocommerce\wordpress\wp-includes\class-wp-hook.php:292
Stack trace:
#0 C:\xampp\htdocs\woocommerce\wordpress\wp-includes\class-wp-hook.php(316): WP_Hook->apply_filters('', Array)
#1 C:\xampp\htdocs\woocommerce\wordpress\wp-includes\plugin.php(551): WP_Hook->do_action(Array)
#2 C:\xampp\htdocs\woocommerce\wordpress\wp-content\plugins\woocommerce\packages\action-scheduler\classes\actions\ActionScheduler_Action.php(22): do_action_ref_array('wpforms_email_s...', Array)
#3 C:\xampp\htdocs\woocommerce\wordpress\wp-content\plugins\woocommerce\packages\action-scheduler\classes\abstracts\ActionScheduler_Abstract_QueueRunner.php(65): ActionScheduler_Action->execute()
#4 C:\xampp\htdocs\woocommerce\wordpress\wp-content\plugins\woocommerce\packages\action-scheduler\classes\ActionScheduler_QueueRunner.php(162): ActionScheduler_Abstract_QueueRunner->process_action(292, 'WP Cron')
#5 C:\xampp\htdocs\woocommerce\wordpress\wp-content\plugins\woocommerce\packages\action-scheduler\classes\ActionScheduler_QueueRunner.php(132): ActionScheduler_QueueRunner->do_batch(25, 'WP Cron')
#6 C:\xampp\htdocs\woocommerce\wordpress\wp-includes\class-wp-hook.php(292): ActionScheduler_QueueRunner->run('WP Cron')
#7 C:\xampp\htdocs\woocommerce\wordpress\wp-includes\class-wp-hook.php(316): WP_Hook->apply_filters('', Array)
#8 C:\xampp\htdocs\woocommerce\wordpress\wp-includes\plugin.php(551): WP_Hook->do_action(Array)
#9 C:\xampp\htdocs\woocommerce\wordpress\wp-cron.php(138): do_action_ref_array('action_schedule...', Array)
#10 {main}
  thrown in C:\xampp\htdocs\woocommerce\wordpress\wp-includes\class-wp-hook.php on line 292

2021-05-29T18:53:36+00:00 CRITICAL Uncaught Error: Unknown named parameter $tasks_meta_id in C:\xampp\htdocs\woocommerce\wordpress\wp-includes\class-wp-hook.php:292
Stack trace:
#0 C:\xampp\htdocs\woocommerce\wordpress\wp-includes\class-wp-hook.php(316): WP_Hook->apply_filters('', Array)
#1 C:\xampp\htdocs\woocommerce\wordpress\wp-includes\plugin.php(551): WP_Hook->do_action(Array)
#2 C:\xampp\htdocs\woocommerce\wordpress\wp-content\plugins\woocommerce\packages\action-scheduler\classes\actions\ActionScheduler_Action.php(22): do_action_ref_array('wpforms_email_s...', Array)
#3 C:\xampp\htdocs\woocommerce\wordpress\wp-content\plugins\woocommerce\packages\action-scheduler\classes\abstracts\ActionScheduler_Abstract_QueueRunner.php(65): ActionScheduler_Action->execute()
#4 C:\xampp\htdocs\woocommerce\wordpress\wp-content\plugins\woocommerce\packages\action-scheduler\classes\ActionScheduler_QueueRunner.php(162): ActionScheduler_Abstract_QueueRunner->process_action(293, 'Async Request')
#5 C:\xampp\htdocs\woocommerce\wordpress\wp-content\plugins\woocommerce\packages\action-scheduler\classes\ActionScheduler_QueueRunner.php(132): ActionScheduler_QueueRunner->do_batch(25, 'Async Request')
#6 C:\xampp\htdocs\woocommerce\wordpress\wp-includes\class-wp-hook.php(292): ActionScheduler_QueueRunner->run('Async Request')
#7 C:\xampp\htdocs\woocommerce\wordpress\wp-includes\class-wp-hook.php(316): WP_Hook->apply_filters('', Array)
#8 C:\xampp\htdocs\woocommerce\wordpress\wp-includes\plugin.php(484): WP_Hook->do_action(Array)
#9 C:\xampp\htdocs\woocommerce\wordpress\wp-content\plugins\woocommerce\packages\action-scheduler\classes\ActionScheduler_AsyncRequest_QueueRunner.php(52): do_action('action_schedule...', 'Async Request')
#10 C:\xampp\htdocs\woocommerce\wordpress\wp-content\plugins\woocommerce\includes\libraries\wp-async-request.php(147): ActionScheduler_AsyncRequest_QueueRunner->handle()
#11 C:\xampp\htdocs\woocommerce\wordpress\wp-includes\class-wp-hook.php(292): WP_Async_Request->maybe_handle('')
#12 C:\xampp\htdocs\woocommerce\wordpress\wp-includes\class-wp-hook.php(316): WP_Hook->apply_filters('', Array)
#13 C:\xampp\htdocs\woocommerce\wordpress\wp-includes\plugin.php(484): WP_Hook->do_action(Array)
#14 C:\xampp\htdocs\woocommerce\wordpress\wp-admin\admin-ajax.php(187): do_action('wp_ajax_as_asyn...')
#15 {main}
  thrown in C:\xampp\htdocs\woocommerce\wordpress\wp-includes\class-wp-hook.php on line 292

2021-05-29T19:03:01+00:00 CRITICAL Uncaught Error: Unknown named parameter $tasks_meta_id in C:\xampp\htdocs\woocommerce\wordpress\wp-includes\class-wp-hook.php:292
Stack trace:
#0 C:\xampp\htdocs\woocommerce\wordpress\wp-includes\class-wp-hook.php(316): WP_Hook->apply_filters('', Array)
#1 C:\xampp\htdocs\woocommerce\wordpress\wp-includes\plugin.php(551): WP_Hook->do_action(Array)
#2 C:\xampp\htdocs\woocommerce\wordpress\wp-content\plugins\woocommerce\packages\action-scheduler\classes\actions\ActionScheduler_Action.php(22): do_action_ref_array('wpforms_email_s...', Array)
#3 C:\xampp\htdocs\woocommerce\wordpress\wp-content\plugins\woocommerce\packages\action-scheduler\classes\abstracts\ActionScheduler_Abstract_QueueRunner.php(65): ActionScheduler_Action->execute()
#4 C:\xampp\htdocs\woocommerce\wordpress\wp-content\plugins\woocommerce\packages\action-scheduler\classes\ActionScheduler_QueueRunner.php(162): ActionScheduler_Abstract_QueueRunner->process_action(294, 'WP Cron')
#5 C:\xampp\htdocs\woocommerce\wordpress\wp-content\plugins\woocommerce\packages\action-scheduler\classes\ActionScheduler_QueueRunner.php(132): ActionScheduler_QueueRunner->do_batch(25, 'WP Cron')
#6 C:\xampp\htdocs\woocommerce\wordpress\wp-includes\class-wp-hook.php(292): ActionScheduler_QueueRunner->run('WP Cron')
#7 C:\xampp\htdocs\woocommerce\wordpress\wp-includes\class-wp-hook.php(316): WP_Hook->apply_filters('', Array)
#8 C:\xampp\htdocs\woocommerce\wordpress\wp-includes\plugin.php(551): WP_Hook->do_action(Array)
#9 C:\xampp\htdocs\woocommerce\wordpress\wp-cron.php(138): do_action_ref_array('action_schedule...', Array)
#10 {main}
  thrown in C:\xampp\htdocs\woocommerce\wordpress\wp-includes\class-wp-hook.php on line 292

2021-05-29T19:09:14+00:00 CRITICAL Uncaught Error: Unknown named parameter $tasks_meta_id in C:\xampp\htdocs\woocommerce\wordpress\wp-includes\class-wp-hook.php:292
Stack trace:
#0 C:\xampp\htdocs\woocommerce\wordpress\wp-includes\class-wp-hook.php(316): WP_Hook->apply_filters('', Array)
#1 C:\xampp\htdocs\woocommerce\wordpress\wp-includes\plugin.php(551): WP_Hook->do_action(Array)
#2 C:\xampp\htdocs\woocommerce\wordpress\wp-content\plugins\woocommerce\packages\action-scheduler\classes\actions\ActionScheduler_Action.php(22): do_action_ref_array('wpforms_admin_n...', Array)
#3 C:\xampp\htdocs\woocommerce\wordpress\wp-content\plugins\woocommerce\packages\action-scheduler\classes\abstracts\ActionScheduler_Abstract_QueueRunner.php(65): ActionScheduler_Action->execute()
#4 C:\xampp\htdocs\woocommerce\wordpress\wp-content\plugins\woocommerce\packages\action-scheduler\classes\ActionScheduler_QueueRunner.php(162): ActionScheduler_Abstract_QueueRunner->process_action(295, 'WP Cron')
#5 C:\xampp\htdocs\woocommerce\wordpress\wp-content\plugins\woocommerce\packages\action-scheduler\classes\ActionScheduler_QueueRunner.php(132): ActionScheduler_QueueRunner->do_batch(25, 'WP Cron')
#6 C:\xampp\htdocs\woocommerce\wordpress\wp-includes\class-wp-hook.php(292): ActionScheduler_QueueRunner->run('WP Cron')
#7 C:\xampp\htdocs\woocommerce\wordpress\wp-includes\class-wp-hook.php(316): WP_Hook->apply_filters('', Array)
#8 C:\xampp\htdocs\woocommerce\wordpress\wp-includes\plugin.php(551): WP_Hook->do_action(Array)
#9 C:\xampp\htdocs\woocommerce\wordpress\wp-cron.php(138): do_action_ref_array('action_schedule...', Array)
#10 {main}
  thrown in C:\xampp\htdocs\woocommerce\wordpress\wp-includes\class-wp-hook.php on line 292

2021-05-29T19:09:29+00:00 CRITICAL Uncaught Error: Unknown named parameter $tasks_meta_id in C:\xampp\htdocs\woocommerce\wordpress\wp-includes\class-wp-hook.php:292
Stack trace:
#0 C:\xampp\htdocs\woocommerce\wordpress\wp-includes\class-wp-hook.php(316): WP_Hook->apply_filters('', Array)
#1 C:\xampp\htdocs\woocommerce\wordpress\wp-includes\plugin.php(551): WP_Hook->do_action(Array)
#2 C:\xampp\htdocs\woocommerce\wordpress\wp-content\plugins\woocommerce\packages\action-scheduler\classes\actions\ActionScheduler_Action.php(22): do_action_ref_array('wpforms_email_s...', Array)
#3 C:\xampp\htdocs\woocommerce\wordpress\wp-content\plugins\woocommerce\packages\action-scheduler\classes\abstracts\ActionScheduler_Abstract_QueueRunner.php(65): ActionScheduler_Action->execute()
#4 C:\xampp\htdocs\woocommerce\wordpress\wp-content\plugins\woocommerce\packages\action-scheduler\classes\ActionScheduler_QueueRunner.php(162): ActionScheduler_Abstract_QueueRunner->process_action(296, 'Async Request')
#5 C:\xampp\htdocs\woocommerce\wordpress\wp-content\plugins\woocommerce\packages\action-scheduler\classes\ActionScheduler_QueueRunner.php(132): ActionScheduler_QueueRunner->do_batch(25, 'Async Request')
#6 C:\xampp\htdocs\woocommerce\wordpress\wp-includes\class-wp-hook.php(292): ActionScheduler_QueueRunner->run('Async Request')
#7 C:\xampp\htdocs\woocommerce\wordpress\wp-includes\class-wp-hook.php(316): WP_Hook->apply_filters('', Array)
#8 C:\xampp\htdocs\woocommerce\wordpress\wp-includes\plugin.php(484): WP_Hook->do_action(Array)
#9 C:\xampp\htdocs\woocommerce\wordpress\wp-content\plugins\woocommerce\packages\action-scheduler\classes\ActionScheduler_AsyncRequest_QueueRunner.php(52): do_action('action_schedule...', 'Async Request')
#10 C:\xampp\htdocs\woocommerce\wordpress\wp-content\plugins\woocommerce\includes\libraries\wp-async-request.php(147): ActionScheduler_AsyncRequest_QueueRunner->handle()
#11 C:\xampp\htdocs\woocommerce\wordpress\wp-includes\class-wp-hook.php(292): WP_Async_Request->maybe_handle('')
#12 C:\xampp\htdocs\woocommerce\wordpress\wp-includes\class-wp-hook.php(316): WP_Hook->apply_filters('', Array)
#13 C:\xampp\htdocs\woocommerce\wordpress\wp-includes\plugin.php(484): WP_Hook->do_action(Array)
#14 C:\xampp\htdocs\woocommerce\wordpress\wp-admin\admin-ajax.php(187): do_action('wp_ajax_as_asyn...')
#15 {main}
  thrown in C:\xampp\htdocs\woocommerce\wordpress\wp-includes\class-wp-hook.php on line 292

2021-05-29T19:11:11+00:00 CRITICAL Uncaught Error: Unknown named parameter $tasks_meta_id in C:\xampp\htdocs\woocommerce\wordpress\wp-includes\class-wp-hook.php:292
Stack trace:
#0 C:\xampp\htdocs\woocommerce\wordpress\wp-includes\class-wp-hook.php(316): WP_Hook->apply_filters('', Array)
#1 C:\xampp\htdocs\woocommerce\wordpress\wp-includes\plugin.php(551): WP_Hook->do_action(Array)
#2 C:\xampp\htdocs\woocommerce\wordpress\wp-content\plugins\woocommerce\packages\action-scheduler\classes\actions\ActionScheduler_Action.php(22): do_action_ref_array('wpforms_email_s...', Array)
#3 C:\xampp\htdocs\woocommerce\wordpress\wp-content\plugins\woocommerce\packages\action-scheduler\classes\abstracts\ActionScheduler_Abstract_QueueRunner.php(65): ActionScheduler_Action->execute()
#4 C:\xampp\htdocs\woocommerce\wordpress\wp-content\plugins\woocommerce\packages\action-scheduler\classes\ActionScheduler_QueueRunner.php(162): ActionScheduler_Abstract_QueueRunner->process_action(297, 'Async Request')
#5 C:\xampp\htdocs\woocommerce\wordpress\wp-content\plugins\woocommerce\packages\action-scheduler\classes\ActionScheduler_QueueRunner.php(132): ActionScheduler_QueueRunner->do_batch(25, 'Async Request')
#6 C:\xampp\htdocs\woocommerce\wordpress\wp-includes\class-wp-hook.php(292): ActionScheduler_QueueRunner->run('Async Request')
#7 C:\xampp\htdocs\woocommerce\wordpress\wp-includes\class-wp-hook.php(316): WP_Hook->apply_filters('', Array)
#8 C:\xampp\htdocs\woocommerce\wordpress\wp-includes\plugin.php(484): WP_Hook->do_action(Array)
#9 C:\xampp\htdocs\woocommerce\wordpress\wp-content\plugins\woocommerce\packages\action-scheduler\classes\ActionScheduler_AsyncRequest_QueueRunner.php(52): do_action('action_schedule...', 'Async Request')
#10 C:\xampp\htdocs\woocommerce\wordpress\wp-content\plugins\woocommerce\includes\libraries\wp-async-request.php(147): ActionScheduler_AsyncRequest_QueueRunner->handle()
#11 C:\xampp\htdocs\woocommerce\wordpress\wp-includes\class-wp-hook.php(292): WP_Async_Request->maybe_handle('')
#12 C:\xampp\htdocs\woocommerce\wordpress\wp-includes\class-wp-hook.php(316): WP_Hook->apply_filters('', Array)
#13 C:\xampp\htdocs\woocommerce\wordpress\wp-includes\plugin.php(484): WP_Hook->do_action(Array)
#14 C:\xampp\htdocs\woocommerce\wordpress\wp-admin\admin-ajax.php(187): do_action('wp_ajax_as_asyn...')
#15 {main}
  thrown in C:\xampp\htdocs\woocommerce\wordpress\wp-includes\class-wp-hook.php on line 292

